[INSTALLED FILES]
aircombt.wav=c:\mps\civ2\sound\aircombt.wav
feedbk04.wav=c:\mps\civ2\sound\feedbk04.wav
aqueduct.wav=c:\mps\civ2\sound\aqueduct.wav
biggun.wav=c:\mps\civ2\sound\biggun.wav
bldcity.wav=c:\mps\civ2\sound\bldcity.wav
cheers2.wav=c:\mps\civ2\sound\cheers2.wav
crwdbugl.wav=c:\mps\civ2\sound\crwdbugl.wav
diesel.wav=c:\mps\civ2\sound\diesel.wav
divebomb.wav=c:\mps\civ2\sound\divebomb.wav
divcrash.wav=c:\mps\civ2\sound\divcrash.wav
endoturn.wav=c:\mps\civ2\sound\endoturn.wav
engnsput.wav=c:\mps\civ2\sound\engnsput.wav
fanfare1.wav=c:\mps\civ2\sound\fanfare1.wav
menuok.wav=c:\mps\civ2\sound\menuok.wav
neg1.wav=c:\mps\civ2\sound\neg1.wav
boatsink.wav=c:\mps\civ2\sound\boatsink.wav
jetbomb.wav=c:\mps\civ2\sound\jetbomb.wav
civdisor.wav=c:\mps\civ2\sound\civdisor.wav
barracks.wav=c:\mps\civ2\sound\barracks.wav
newonder.wav=c:\mps\civ2\sound\newonder.wav
newgovt.wav=c:\mps\civ2\sound\newgovt.wav
largexpl.wav=c:\mps\civ2\sound\largexpl.wav
mchnguns.wav=c:\mps\civ2\sound\mchnguns.wav
medexpl.wav=c:\mps\civ2\sound\medexpl.wav
medgun.wav=c:\mps\civ2\sound\medgun.wav
spysound.wav=c:\mps\civ2\sound\spysound.wav
mrktplce.wav=c:\mps\civ2\sound\mrktplce.wav
navbttle.wav=c:\mps\civ2\sound\navbttle.wav
newbank.wav=c:\mps\civ2\sound\newbank.wav
jetsputr.wav=c:\mps\civ2\sound\jetsputr.wav
swordfgt.wav=c:\mps\civ2\sound\swordfgt.wav
swrdhors.wav=c:\mps\civ2\sound\swrdhors.wav
cavalry.wav=c:\mps\civ2\sound\cavalry.wav
cathedrl.wav=c:\mps\civ2\sound\cathedrl.wav
cheers1.wav=c:\mps\civ2\sound\cheers1.wav
cheers3.wav=c:\mps\civ2\sound\cheers3.wav
nukexplo.wav=c:\mps\civ2\sound\nukexplo.wav
pompcirc.wav=c:\mps\civ2\sound\pompcirc.wav
bldspcsh.wav=c:\mps\civ2\sound\bldspcsh.wav
movpiece.wav=c:\mps\civ2\sound\movpiece.wav
guillotn.wav=c:\mps\civ2\sound\guillotn.wav
stkmarkt.wav=c:\mps\civ2\sound\stkmarkt.wav
smallexp.wav=c:\mps\civ2\sound\smallexp.wav
torpedos.wav=c:\mps\civ2\sound\torpedos.wav
elephant.wav=c:\mps\civ2\sound\elephant.wav
menuloop.wav=c:\mps\civ2\sound\menuloop.wav
infantry.wav=c:\mps\civ2\sound\infantry.wav
catapult.wav=c:\mps\civ2\sound\catapult.wav
fanfare6.wav=c:\mps\civ2\sound\fanfare6.wav
fanfare2.wav=c:\mps\civ2\sound\fanfare2.wav
fanfare3.wav=c:\mps\civ2\sound\fanfare3.wav
fanfare4.wav=c:\mps\civ2\sound\fanfare4.wav
fanfare5.wav=c:\mps\civ2\sound\fanfare5.wav
missile.wav=c:\mps\civ2\sound\missile.wav
pos1.wav=c:\mps\civ2\sound\pos1.wav
menuend.wav=c:\mps\civ2\sound\menuend.wav
feedbk03.wav=c:\mps\civ2\sound\feedbk03.wav
drumbl.wav=c:\mps\civ2\sound\drumbl.wav
druma0.wav=c:\mps\civ2\sound\druma0.wav
drumay.wav=c:\mps\civ2\sound\drumay.wav
druman.wav=c:\mps\civ2\sound\druman.wav
fanfare8.wav=c:\mps\civ2\sound\fanfare8.wav
fanfare7.wav=c:\mps\civ2\sound\fanfare7.wav
drumby.wav=c:\mps\civ2\sound\drumby.wav
jetcrash.wav=c:\mps\civ2\sound\jetcrash.wav
jetcombt.wav=c:\mps\civ2\sound\jetcombt.wav
helishot.wav=c:\mps\civ2\sound\helishot.wav
drumb0.wav=c:\mps\civ2\sound\drumb0.wav
drumbn.wav=c:\mps\civ2\sound\drumbn.wav
fire---.wav=c:\mps\civ2\sound\fire---.wav
feedbkxx.wav=c:\mps\civ2\sound\feedbkxx.wav
drumal.wav=c:\mps\civ2\sound\drumal.wav
drumcn.wav=c:\mps\civ2\sound\drumcn.wav
sell.wav=c:\mps\civ2\sound\sell.wav
drumc0.wav=c:\mps\civ2\sound\drumc0.wav
drumcy.wav=c:\mps\civ2\sound\drumcy.wav
drumcl.wav=c:\mps\civ2\sound\drumcl.wav
frch_g=c:\mps\civ2\pedia\frch_g
frch_h=c:\mps\civ2\pedia\frch_h
frch_i=c:\mps\civ2\pedia\frch_i
frch_j=c:\mps\civ2\pedia\frch_j
frch_l=c:\mps\civ2\pedia\frch_l
frch_m=c:\mps\civ2\pedia\frch_m
frch_n=c:\mps\civ2\pedia\frch_n
frch_o=c:\mps\civ2\pedia\frch_o
germ_j=c:\mps\civ2\pedia\germ_j
germ_k=c:\mps\civ2\pedia\germ_k
germ_l=c:\mps\civ2\pedia\germ_l
germ_m=c:\mps\civ2\pedia\germ_m
germ_n=c:\mps\civ2\pedia\germ_n
germ_o=c:\mps\civ2\pedia\germ_o
germ_p=c:\mps\civ2\pedia\germ_p
germ_r=c:\mps\civ2\pedia\germ_r
frch_p=c:\mps\civ2\pedia\frch_p
frch_r=c:\mps\civ2\pedia\frch_r
frch_s=c:\mps\civ2\pedia\frch_s
frch_t=c:\mps\civ2\pedia\frch_t
frch_u=c:\mps\civ2\pedia\frch_u
frch_v=c:\mps\civ2\pedia\frch_v
frchlist=c:\mps\civ2\pedia\frchlist
germ_a=c:\mps\civ2\pedia\germ_a
govern.pde=c:\mps\civ2\pedia\govern.pde
improv.pde=c:\mps\civ2\pedia\improv.pde
terrain.pde=c:\mps\civ2\pedia\terrain.pde
units.pde=c:\mps\civ2\pedia\units.pde
units2.pde=c:\mps\civ2\pedia\units2.pde
wonder.pde=c:\mps\civ2\pedia\wonder.pde
advanc1.pdf=c:\mps\civ2\pedia\advanc1.pdf
advanc2.pdf=c:\mps\civ2\pedia\advanc2.pdf
get_info.exe=c:\mps\civ2\pedia\get_info.exe
advanc1.pde=c:\mps\civ2\pedia\advanc1.pde
advanc2.pde=c:\mps\civ2\pedia\advanc2.pde
advanc3.pde=c:\mps\civ2\pedia\advanc3.pde
advanc4.pde=c:\mps\civ2\pedia\advanc4.pde
concept.pde=c:\mps\civ2\pedia\concept.pde
describe.pde=c:\mps\civ2\pedia\describe.pde
pedia_s=c:\mps\civ2\pedia\pedia_s
pedia_t=c:\mps\civ2\pedia\pedia_t
pedia_u=c:\mps\civ2\pedia\pedia_u
pedia_v=c:\mps\civ2\pedia\pedia_v
pedia_w=c:\mps\civ2\pedia\pedia_w
wordlist=c:\mps\civ2\pedia\wordlist
function.apr=c:\mps\civ2\pedia\function.apr
graphics.apr=c:\mps\civ2\pedia\graphics.apr
pedia_j=c:\mps\civ2\pedia\pedia_j
pedia_k=c:\mps\civ2\pedia\pedia_k
pedia_l=c:\mps\civ2\pedia\pedia_l
pedia_m=c:\mps\civ2\pedia\pedia_m
pedia_n=c:\mps\civ2\pedia\pedia_n
pedia_o=c:\mps\civ2\pedia\pedia_o
pedia_p=c:\mps\civ2\pedia\pedia_p
pedia_r=c:\mps\civ2\pedia\pedia_r
pedia_b=c:\mps\civ2\pedia\pedia_b
pedia_c=c:\mps\civ2\pedia\pedia_c
pedia_d=c:\mps\civ2\pedia\pedia_d
pedia_e=c:\mps\civ2\pedia\pedia_e
pedia_f=c:\mps\civ2\pedia\pedia_f
pedia_g=c:\mps\civ2\pedia\pedia_g
pedia_h=c:\mps\civ2\pedia\pedia_h
pedia_i=c:\mps\civ2\pedia\pedia_i
germ_s=c:\mps\civ2\pedia\germ_s
germ_t=c:\mps\civ2\pedia\germ_t
germ_u=c:\mps\civ2\pedia\germ_u
germ_v=c:\mps\civ2\pedia\germ_v
germ_w=c:\mps\civ2\pedia\germ_w
germ_z=c:\mps\civ2\pedia\germ_z
germlist=c:\mps\civ2\pedia\germlist
pedia_a=c:\mps\civ2\pedia\pedia_a
units2.pdf=c:\mps\civ2\pedia\units2.pdf
wonder.pdf=c:\mps\civ2\pedia\wonder.pdf
advanc1.pdg=c:\mps\civ2\pedia\advanc1.pdg
advanc2.pdg=c:\mps\civ2\pedia\advanc2.pdg
advanc3.pdg=c:\mps\civ2\pedia\advanc3.pdg
advanc4.pdg=c:\mps\civ2\pedia\advanc4.pdg
concept.pdg=c:\mps\civ2\pedia\concept.pdg
describe.pdg=c:\mps\civ2\pedia\describe.pdg
advanc3.pdf=c:\mps\civ2\pedia\advanc3.pdf
advanc4.pdf=c:\mps\civ2\pedia\advanc4.pdf
concept.pdf=c:\mps\civ2\pedia\concept.pdf
describe.pdf=c:\mps\civ2\pedia\describe.pdf
govern.pdf=c:\mps\civ2\pedia\govern.pdf
improv.pdf=c:\mps\civ2\pedia\improv.pdf
frch_d=c:\mps\civ2\pedia\frch_d
units.pdf=c:\mps\civ2\pedia\units.pdf
frch_b=c:\mps\civ2\pedia\frch_b
frch_c=c:\mps\civ2\pedia\frch_c
terrain.pdf=c:\mps\civ2\pedia\terrain.pdf
frch_e=c:\mps\civ2\pedia\frch_e
frch_f=c:\mps\civ2\pedia\frch_f
germ_b=c:\mps\civ2\pedia\germ_b
germ_c=c:\mps\civ2\pedia\germ_c
germ_d=c:\mps\civ2\pedia\germ_d
frch_a=c:\mps\civ2\pedia\frch_a
improv.pdg=c:\mps\civ2\pedia\improv.pdg
terrain.pdg=c:\mps\civ2\pedia\terrain.pdg
units.pdg=c:\mps\civ2\pedia\units.pdg
units2.pdg=c:\mps\civ2\pedia\units2.pdg
wonder.pdg=c:\mps\civ2\pedia\wonder.pdg
civjump.dll=c:\mps\civ2\pedia\civjump.dll
govern.pdg=c:\mps\civ2\pedia\govern.pdg
germ_e=c:\mps\civ2\pedia\germ_e
germ_f=c:\mps\civ2\pedia\germ_f
germ_g=c:\mps\civ2\pedia\germ_g
germ_h=c:\mps\civ2\pedia\germ_h
germ_i=c:\mps\civ2\pedia\germ_i
civ2.exe=c:\mps\civ2\civ2.exe
rules.txt=c:\mps\civ2\rules.txt
city.txt=c:\mps\civ2\city.txt
readme.eng=c:\mps\civ2\readme.eng
readme.ger=c:\mps\civ2\readme.ger
game.ger=c:\mps\civ2\game.ger
inter.dat=c:\mps\civ2\inter.dat
rome.txt=c:\mps\civ2\rome.txt
rome.fre=c:\mps\civ2\rome.fre
rome.ger=c:\mps\civ2\rome.ger
civ2art.dll=c:\mps\civ2\civ2art.dll
timerdll.dll=c:\mps\civ2\timerdll.dll
cpuid16.dll=c:\mps\civ2\cpuid16.dll
intro.dll=c:\mps\civ2\intro.dll
tiles.dll=c:\mps\civ2\tiles.dll
europe.mp=c:\mps\civ2\europe.mp
mediterr.mp=c:\mps\civ2\mediterr.mp
pacific.mp=c:\mps\civ2\pacific.mp
wwii.scn=c:\mps\civ2\wwii.scn
wwii.txt=c:\mps\civ2\wwii.txt
wwii.fre=c:\mps\civ2\wwii.fre
wwii.ger=c:\mps\civ2\wwii.ger
rome.scn=c:\mps\civ2\rome.scn
smedsnet.dll=c:\mps\civ2\smedsnet.dll
civ2map.exe=c:\mps\civ2\civ2map.exe
loser.avi=c:\mps\civ2\loser.avi
readme.fra=c:\mps\civ2\readme.fra
terrain1.gif=c:\mps\civ2\terrain1.gif
terrain2.gif=c:\mps\civ2\terrain2.gif
icons.gif=c:\mps\civ2\icons.gif
units.gif=c:\mps\civ2\units.gif
cities.gif=c:\mps\civ2\cities.gif
city.gif=c:\mps\civ2\city.gif
people.gif=c:\mps\civ2\people.gif
mk.dll=c:\mps\civ2\mk.dll
council1.txt=c:\mps\civ2\council1.txt
council2.txt=c:\mps\civ2\council2.txt
labels.txt=c:\mps\civ2\labels.txt
credits.txt=c:\mps\civ2\credits.txt
rules.ger=c:\mps\civ2\rules.ger
city.ger=c:\mps\civ2\city.ger
menu.ger=c:\mps\civ2\menu.ger
advice.ger=c:\mps\civ2\advice.ger
pedia.ger=c:\mps\civ2\pedia.ger
tutorial.sav=c:\mps\civ2\tutorial.sav
debug.ger=c:\mps\civ2\debug.ger
tutorial.ger=c:\mps\civ2\tutorial.ger
mapmenu.ger=c:\mps\civ2\mapmenu.ger
council0.ger=c:\mps\civ2\council0.ger
council1.ger=c:\mps\civ2\council1.ger
council2.ger=c:\mps\civ2\council2.ger
labels.ger=c:\mps\civ2\labels.ger
rules.fre=c:\mps\civ2\rules.fre
city.fre=c:\mps\civ2\city.fre
menu.fre=c:\mps\civ2\menu.fre
advice.fre=c:\mps\civ2\advice.fre
pedia.fre=c:\mps\civ2\pedia.fre
game.fre=c:\mps\civ2\game.fre
debug.fre=c:\mps\civ2\debug.fre
cv.dll=c:\mps\civ2\cv.dll
pv.dll=c:\mps\civ2\pv.dll
ss.dll=c:\mps\civ2\ss.dll
wonder.dll=c:\mps\civ2\wonder.dll
world.mp=c:\mps\civ2\world.mp
world_m.mp=c:\mps\civ2\world_m.mp
world_s.mp=c:\mps\civ2\world_s.mp
greece.mp=c:\mps\civ2\greece.mp
tutorial.fre=c:\mps\civ2\tutorial.fre
mapmenu.fre=c:\mps\civ2\mapmenu.fre
council0.fre=c:\mps\civ2\council0.fre
council1.fre=c:\mps\civ2\council1.fre
council2.fre=c:\mps\civ2\council2.fre
labels.fre=c:\mps\civ2\labels.fre
modules.db=c:\mps\civ2\modules.db
errors.db=c:\mps\civ2\errors.db
menu.txt=c:\mps\civ2\menu.txt
advice.txt=c:\mps\civ2\advice.txt
pedia.txt=c:\mps\civ2\pedia.txt
game.txt=c:\mps\civ2\game.txt
debug.txt=c:\mps\civ2\debug.txt
tutorial.txt=c:\mps\civ2\tutorial.txt
mapmenu.txt=c:\mps\civ2\mapmenu.txt
council0.txt=c:\mps\civ2\council0.txt

[.INI FILES]
Create Civ2 Installed Location Entry=Added key "WhereAmI=c:\mps\civ2" in section [Civilization 2000] of file "c:\windows/civ.ini"
Create Civ2 CD Location Entry=Added key "WhereIsCD=d:\civ2" in section [Civilization 2000] of file "c:\windows/civ.ini"

[PM GROUP]
PM Group created=Sid Meier's Civilization II
CivilizationII=c:\mps\civ2\civ2.exe
MapEditor=c:\mps\civ2\civ2map.exe
